ISim log file
Running: C:\Users\Hp\Desktop\CC311\Report\New folder\MIPS_SingleCycle_MoustafaMamdouhSabry18101997\MIPS_SingleCycle_MoustafaMamdouhSabry18101997_isim_beh.exe -intstyle ise -gui -tclbatch isim.cmd -wdb C:/Users/Hp/Desktop/CC311/Report/New folder/MIPS_SingleCycle_MoustafaMamdouhSabry18101997/MIPS_SingleCycle_MoustafaMamdouhSabry18101997_isim_beh.wdb 
ISim P.58f (signature 0x7708f090)
This is a Full version of ISim.
Time resolution is 1 ps
# onerror resume
# wave add /
# run 1000 ns
Simulator is doing circuit initialization process.
at 0 ps, Instance /mips_singlecycle_moustafamamdouhsabry18101997/InstructionMemory/ : Warning: NUMERIC_STD.TO_INTEGER: metavalue detected, returning 0
at 0 ps, Instance /mips_singlecycle_moustafamamdouhsabry18101997/InstructionMemory/ : Warning: NUMERIC_STD.TO_INTEGER: metavalue detected, returning 0
at 0 ps, Instance /mips_singlecycle_moustafamamdouhsabry18101997/InstructionMemory/ : Warning: NUMERIC_STD.TO_INTEGER: metavalue detected, returning 0
at 0 ps, Instance /mips_singlecycle_moustafamamdouhsabry18101997/InstructionMemory/ : Warning: NUMERIC_STD.TO_INTEGER: metavalue detected, returning 0
at 0 ps, Instance /mips_singlecycle_moustafamamdouhsabry18101997/Branch_Adder/ : Warning: NUMERIC_STD.TO_INTEGER: metavalue detected, returning 0
at 0 ps, Instance /mips_singlecycle_moustafamamdouhsabry18101997/Branch_Adder/ : Warning: NUMERIC_STD.TO_INTEGER: metavalue detected, returning 0
at 0 ps, Instance /mips_singlecycle_moustafamamdouhsabry18101997/PC_Adder/ : Warning: NUMERIC_STD.TO_INTEGER: metavalue detected, returning 0
at 0 ps, Instance /mips_singlecycle_moustafamamdouhsabry18101997/RegisterFile/ : Warning: NUMERIC_STD.TO_INTEGER: metavalue detected, returning 0
at 0 ps, Instance /mips_singlecycle_moustafamamdouhsabry18101997/RegisterFile/ : Warning: NUMERIC_STD.TO_INTEGER: metavalue detected, returning 0
Finished circuit initialization process.
at 0 ps, Instance /mips_singlecycle_moustafamamdouhsabry18101997/Branch_Adder/ : Warning: NUMERIC_STD.TO_INTEGER: metavalue detected, returning 0
at 0 ps, Instance /mips_singlecycle_moustafamamdouhsabry18101997/Branch_Adder/ : Warning: NUMERIC_STD.TO_INTEGER: metavalue detected, returning 0
# isim force add /mips_singlecycle_moustafamamdouhsabry18101997/clk 1 -radix bin -value 0 -radix bin -time 500 ps -repeat 1 ns
# run
ERROR: Index 128 out of bound 0 to 127. 
ERROR: In process InstructionMemory_MoustafaMamdouhSabry18101997.vhd:57 
 
INFO: Simulator is stopped.
